Using pre-set license
Built from '2020.3/staging' branch; Version is '2020.3.4f1 (0abb6314276a) revision 703331'; Using compiler version '192528614'; Build Type 'Release'
OS: 'Windows 10 Home Single Language; OS build 19042.928; Version 2009; 64bit' Language: 'ru' Physical Memory: 16311 MB
BatchMode: 1, IsHumanControllingUs: 0, StartBugReporterOnCrash: 0, Is64bit: 1, IsPro: 0

 COMMAND LINE ARGUMENTS:
C:\Program Files\Unity\2020.3.4f1\Editor\Unity.exe
-adb2
-batchMode
-noUpm
-name
AssetImportWorker1
-projectPath
C:/Users/rdlit/Desktop/tests/FlyingGame/FlyingGame
-logFile
Logs/AssetImportWorker1.log
-srvPort
52860
Successfully changed project path to: C:/Users/rdlit/Desktop/tests/FlyingGame/FlyingGame
C:/Users/rdlit/Desktop/tests/FlyingGame/FlyingGame
Using Asset Import Pipeline V2.
Refreshing native plugins compatible for Editor in 32.50 ms, found 0 plugins.
Preloading 0 native plugins for Editor in 0.00 ms.
Initialize engine version: 2020.3.4f1 (0abb6314276a)
[Subsystems] Discovering subsystems at path C:/Program Files/Unity/2020.3.4f1/Editor/Data/Resources/UnitySubsystems
[Subsystems] Discovering subsystems at path C:/Users/rdlit/Desktop/tests/FlyingGame/FlyingGame/Assets
GfxDevice: creating device client; threaded=0
Direct3D:
    Version:  Direct3D 11.0 [level 11.1]
    Renderer: NVIDIA GeForce GTX 1660 (ID=0x2184)
    Vendor:   
    VRAM:     5992 MB
    Driver:   27.21.14.6192
Initialize mono
Mono path[0] = 'C:/Program Files/Unity/2020.3.4f1/Editor/Data/Managed'
Mono path[1] = 'C:/Program Files/Unity/2020.3.4f1/Editor/Data/MonoBleedingEdge/lib/mono/unityjit'
Mono config path = 'C:/Program Files/Unity/2020.3.4f1/Editor/Data/MonoBleedingEdge/etc'
Using monoOptions --debugger-agent=transport=dt_socket,embedding=1,server=y,suspend=n,address=127.0.0.1:56128
Begin MonoManager ReloadAssembly
Registering precompiled unity dll's ...
Register platform support module: C:/Program Files/Unity/2020.3.4f1/Editor/Data/PlaybackEngines/WindowsStandaloneSupport/UnityEditor.WindowsStandalone.Extensions.dll
Registered in 0.001449 seconds.
Native extension for WindowsStandalone target not found
Refreshing native plugins compatible for Editor in 32.98 ms, found 0 plugins.
Preloading 0 native plugins for Editor in 0.00 ms.
Mono: successfully reloaded assembly
- Completed reload, in  1.515 seconds
Platform modules already initialized, skipping
Registering precompiled user dll's ...
Registered in 0.002057 seconds.
Begin MonoManager ReloadAssembly
Native extension for WindowsStandalone target not found
Refreshing native plugins compatible for Editor in 0.28 ms, found 0 plugins.
Preloading 0 native plugins for Editor in 0.00 ms.
Mono: successfully reloaded assembly
- Completed reload, in  0.747 seconds
Platform modules already initialized, skipping
========================================================================
Worker process is ready to serve import requests
Launched and connected shader compiler UnityShaderCompiler.exe after 0.03 seconds
Refreshing native plugins compatible for Editor in 0.27 ms, found 0 plugins.
Preloading 0 native plugins for Editor in 0.00 ms.
Unloading 1663 Unused Serialized files (Serialized files now loaded: 0)
System memory in use before: 74.7 MB.
System memory in use after: 74.7 MB.

Unloading 15 unused Assets to reduce memory usage. Loaded Objects now: 2104.
Total: 1.514900 ms (FindLiveObjects: 0.175000 ms CreateObjectMapping: 0.062800 ms MarkObjects: 1.213600 ms  DeleteObjects: 0.062500 ms)

========================================================================
Received Import Request.
  path: Assets/Scripts/GameSettings/GameConfig.asset
  artifactKey: Guid(08279b25b6c12184aa0df4307ec08b07) Importer(815301076,1909f56bfc062723c751e8b465ee728b)
Start importing Assets/Scripts/GameSettings/GameConfig.asset using Guid(08279b25b6c12184aa0df4307ec08b07) Importer(815301076,1909f56bfc062723c751e8b465ee728b)  -> (artifact id: 'd430f3d6d55df88ab40937178dbaf7d3') in 0.028398 seconds
  Import took 0.030806 seconds .

========================================================================
Received Prepare
Refreshing native plugins compatible for Editor in 1.40 ms, found 0 plugins.
Preloading 0 native plugins for Editor in 0.00 ms.
Unloading 8 Unused Serialized files (Serialized files now loaded: 0)
System memory in use before: 41.5 MB.
System memory in use after: 41.6 MB.

Unloading 8 unused Assets to reduce memory usage. Loaded Objects now: 2104.
Total: 1.756400 ms (FindLiveObjects: 0.151600 ms CreateObjectMapping: 0.046100 ms MarkObjects: 1.522900 ms  DeleteObjects: 0.035000 ms)

========================================================================
Received Prepare
Registering precompiled user dll's ...
Registered in 0.002004 seconds.
Begin MonoManager ReloadAssembly
Native extension for WindowsStandalone target not found
Refreshing native plugins compatible for Editor in 0.29 ms, found 0 plugins.
Preloading 0 native plugins for Editor in 0.00 ms.
Mono: successfully reloaded assembly
- Completed reload, in  0.702 seconds
Platform modules already initialized, skipping
Refreshing native plugins compatible for Editor in 0.30 ms, found 0 plugins.
Preloading 0 native plugins for Editor in 0.00 ms.
Unloading 1654 Unused Serialized files (Serialized files now loaded: 0)
System memory in use before: 74.2 MB.
System memory in use after: 74.3 MB.

Unloading 10 unused Assets to reduce memory usage. Loaded Objects now: 2107.
Total: 2.116100 ms (FindLiveObjects: 0.298000 ms CreateObjectMapping: 0.085500 ms MarkObjects: 1.671700 ms  DeleteObjects: 0.060000 ms)

========================================================================
Received Import Request.
  Time since last request: 247.497595 seconds.
  path: Assets/Scripts/ZanjectInstallers
  artifactKey: Guid(dec92d818a06e2b479a54721f6935963) Importer(815301076,1909f56bfc062723c751e8b465ee728b)
Start importing Assets/Scripts/ZanjectInstallers using Guid(dec92d818a06e2b479a54721f6935963) Importer(815301076,1909f56bfc062723c751e8b465ee728b)  -> (artifact id: '17a1f3d2bfeb04acc2b8c9371ea442aa') in 0.007215 seconds
  Import took 0.009548 seconds .

========================================================================
Received Prepare
Registering precompiled user dll's ...
Registered in 0.002106 seconds.
Begin MonoManager ReloadAssembly
Native extension for WindowsStandalone target not found
Refreshing native plugins compatible for Editor in 0.29 ms, found 0 plugins.
Preloading 0 native plugins for Editor in 0.00 ms.
Mono: successfully reloaded assembly
- Completed reload, in  0.722 seconds
Platform modules already initialized, skipping
Refreshing native plugins compatible for Editor in 0.28 ms, found 0 plugins.
Preloading 0 native plugins for Editor in 0.00 ms.
Unloading 1654 Unused Serialized files (Serialized files now loaded: 0)
System memory in use before: 74.2 MB.
System memory in use after: 74.3 MB.

Unloading 10 unused Assets to reduce memory usage. Loaded Objects now: 2110.
Total: 1.522800 ms (FindLiveObjects: 0.153200 ms CreateObjectMapping: 0.048600 ms MarkObjects: 1.276900 ms  DeleteObjects: 0.043200 ms)

========================================================================
Received Import Request.
  Time since last request: 25.742929 seconds.
  path: Assets/Scripts/Scrote
  artifactKey: Guid(7504698aa5bbab04ead58b3ae9004812) Importer(815301076,1909f56bfc062723c751e8b465ee728b)
Start importing Assets/Scripts/Scrote using Guid(7504698aa5bbab04ead58b3ae9004812) Importer(815301076,1909f56bfc062723c751e8b465ee728b)  -> (artifact id: '34e13647e8784e5820b8093eeff8f604') in 0.007744 seconds
  Import took 0.010327 seconds .

========================================================================
Received Import Request.
  Time since last request: 4.986715 seconds.
  path: Assets/Scripts/Score
  artifactKey: Guid(7504698aa5bbab04ead58b3ae9004812) Importer(815301076,1909f56bfc062723c751e8b465ee728b)
Start importing Assets/Scripts/Score using Guid(7504698aa5bbab04ead58b3ae9004812) Importer(815301076,1909f56bfc062723c751e8b465ee728b)  -> (artifact id: '3388a6af3497e3395e8d45719a161228') in 0.005604 seconds
  Import took 0.007952 seconds .

========================================================================
Received Import Request.
  Time since last request: 13.602111 seconds.
  path: Assets/Scripts/Score/ScoreEvents.cs
  artifactKey: Guid(e5134897b2cd8c845a27d175fa8b6623) Importer(815301076,1909f56bfc062723c751e8b465ee728b)
Start importing Assets/Scripts/Score/ScoreEvents.cs using Guid(e5134897b2cd8c845a27d175fa8b6623) Importer(815301076,1909f56bfc062723c751e8b465ee728b)  -> (artifact id: '358837759ba3fdf37d6258b3248924c2') in 0.008210 seconds
  Import took 0.010630 seconds .

========================================================================
Received Prepare
Registering precompiled user dll's ...
Registered in 0.002037 seconds.
Begin MonoManager ReloadAssembly
Native extension for WindowsStandalone target not found
Refreshing native plugins compatible for Editor in 0.33 ms, found 0 plugins.
Preloading 0 native plugins for Editor in 0.00 ms.
Mono: successfully reloaded assembly
- Completed reload, in  0.724 seconds
Platform modules already initialized, skipping
Refreshing native plugins compatible for Editor in 0.28 ms, found 0 plugins.
Preloading 0 native plugins for Editor in 0.00 ms.
Unloading 1655 Unused Serialized files (Serialized files now loaded: 0)
System memory in use before: 74.3 MB.
System memory in use after: 74.4 MB.

Unloading 10 unused Assets to reduce memory usage. Loaded Objects now: 2114.
Total: 2.527200 ms (FindLiveObjects: 0.233800 ms CreateObjectMapping: 0.058800 ms MarkObjects: 2.180400 ms  DeleteObjects: 0.052800 ms)

========================================================================
Received Prepare
Registering precompiled user dll's ...
Registered in 0.002006 seconds.
Begin MonoManager ReloadAssembly
Native extension for WindowsStandalone target not found
Refreshing native plugins compatible for Editor in 0.28 ms, found 0 plugins.
Preloading 0 native plugins for Editor in 0.00 ms.
Mono: successfully reloaded assembly
- Completed reload, in  0.697 seconds
Platform modules already initialized, skipping
Refreshing native plugins compatible for Editor in 0.28 ms, found 0 plugins.
Preloading 0 native plugins for Editor in 0.00 ms.
Unloading 1655 Unused Serialized files (Serialized files now loaded: 0)
System memory in use before: 74.3 MB.
System memory in use after: 74.4 MB.

Unloading 10 unused Assets to reduce memory usage. Loaded Objects now: 2117.
Total: 1.510700 ms (FindLiveObjects: 0.144400 ms CreateObjectMapping: 0.045800 ms MarkObjects: 1.282700 ms  DeleteObjects: 0.037100 ms)

========================================================================
Received Import Request.
  Time since last request: 69.697977 seconds.
  path: Assets/Scripts/Score/ScoreEvents.cs
  artifactKey: Guid(e5134897b2cd8c845a27d175fa8b6623) Importer(815301076,1909f56bfc062723c751e8b465ee728b)
Start importing Assets/Scripts/Score/ScoreEvents.cs using Guid(e5134897b2cd8c845a27d175fa8b6623) Importer(815301076,1909f56bfc062723c751e8b465ee728b)  -> (artifact id: 'f46e1df0b61d4976da7528645b725eed') in 0.005535 seconds
  Import took 0.007642 seconds .

========================================================================
Received Import Request.
  Time since last request: 2.707330 seconds.
  path: Assets/Scripts/Score/ScoreData.cs
  artifactKey: Guid(e5134897b2cd8c845a27d175fa8b6623) Importer(815301076,1909f56bfc062723c751e8b465ee728b)
Start importing Assets/Scripts/Score/ScoreData.cs using Guid(e5134897b2cd8c845a27d175fa8b6623) Importer(815301076,1909f56bfc062723c751e8b465ee728b)  -> (artifact id: 'e3148ffb6b65e3b7ba90abf5456d5d7a') in 0.005500 seconds
  Import took 0.007933 seconds .

========================================================================
Received Prepare
Registering precompiled user dll's ...
Registered in 0.002809 seconds.
Begin MonoManager ReloadAssembly
Native extension for WindowsStandalone target not found
Refreshing native plugins compatible for Editor in 0.28 ms, found 0 plugins.
Preloading 0 native plugins for Editor in 0.00 ms.
Mono: successfully reloaded assembly
- Completed reload, in  0.706 seconds
Platform modules already initialized, skipping
Refreshing native plugins compatible for Editor in 0.27 ms, found 0 plugins.
Preloading 0 native plugins for Editor in 0.00 ms.
Unloading 1655 Unused Serialized files (Serialized files now loaded: 0)
System memory in use before: 74.3 MB.
System memory in use after: 74.4 MB.

Unloading 10 unused Assets to reduce memory usage. Loaded Objects now: 2120.
Total: 1.597300 ms (FindLiveObjects: 0.161300 ms CreateObjectMapping: 0.051500 ms MarkObjects: 1.340800 ms  DeleteObjects: 0.042800 ms)

========================================================================
Received Prepare
Registering precompiled user dll's ...
Registered in 0.002077 seconds.
Begin MonoManager ReloadAssembly
Native extension for WindowsStandalone target not found
Refreshing native plugins compatible for Editor in 0.28 ms, found 0 plugins.
Preloading 0 native plugins for Editor in 0.00 ms.
Mono: successfully reloaded assembly
- Completed reload, in  0.686 seconds
Platform modules already initialized, skipping
Refreshing native plugins compatible for Editor in 0.30 ms, found 0 plugins.
Preloading 0 native plugins for Editor in 0.00 ms.
Unloading 1655 Unused Serialized files (Serialized files now loaded: 0)
System memory in use before: 74.3 MB.
System memory in use after: 74.4 MB.

Unloading 10 unused Assets to reduce memory usage. Loaded Objects now: 2123.
Total: 1.747800 ms (FindLiveObjects: 0.159200 ms CreateObjectMapping: 0.049300 ms MarkObjects: 1.466300 ms  DeleteObjects: 0.072200 ms)

========================================================================
Received Import Request.
  Time since last request: 145.495826 seconds.
  path: Assets/Scripts/Score/ScoreData.asset
  artifactKey: Guid(64c4eeba8ee3a7748971ba60f7d5617f) Importer(815301076,1909f56bfc062723c751e8b465ee728b)
Start importing Assets/Scripts/Score/ScoreData.asset using Guid(64c4eeba8ee3a7748971ba60f7d5617f) Importer(815301076,1909f56bfc062723c751e8b465ee728b)  -> (artifact id: '99d3e2f2d08dc097fbde4b5811d4ff0d') in 0.008870 seconds
  Import took 0.011189 seconds .

========================================================================
Received Import Request.
  Time since last request: 25.384798 seconds.
  path: Assets/Scripts/Score/ScoreCollecting.cs
  artifactKey: Guid(97a1eb9808b10e541b0541a0ba525d87) Importer(815301076,1909f56bfc062723c751e8b465ee728b)
Start importing Assets/Scripts/Score/ScoreCollecting.cs using Guid(97a1eb9808b10e541b0541a0ba525d87) Importer(815301076,1909f56bfc062723c751e8b465ee728b)  -> (artifact id: '28cdda5982e1f088bd32f7940a6d6382') in 0.005568 seconds
  Import took 0.008023 seconds .

========================================================================
Received Prepare
Registering precompiled user dll's ...
Registered in 0.002080 seconds.
Begin MonoManager ReloadAssembly
Native extension for WindowsStandalone target not found
Refreshing native plugins compatible for Editor in 0.28 ms, found 0 plugins.
Preloading 0 native plugins for Editor in 0.00 ms.
Mono: successfully reloaded assembly
- Completed reload, in  0.697 seconds
Platform modules already initialized, skipping
Refreshing native plugins compatible for Editor in 0.30 ms, found 0 plugins.
Preloading 0 native plugins for Editor in 0.00 ms.
Unloading 1656 Unused Serialized files (Serialized files now loaded: 0)
System memory in use before: 74.3 MB.
System memory in use after: 74.4 MB.

Unloading 10 unused Assets to reduce memory usage. Loaded Objects now: 2127.
Total: 1.507700 ms (FindLiveObjects: 0.160600 ms CreateObjectMapping: 0.048000 ms MarkObjects: 1.255300 ms  DeleteObjects: 0.043000 ms)

========================================================================
Received Prepare
Registering precompiled user dll's ...
Registered in 0.002019 seconds.
Begin MonoManager ReloadAssembly
Native extension for WindowsStandalone target not found
Refreshing native plugins compatible for Editor in 0.29 ms, found 0 plugins.
Preloading 0 native plugins for Editor in 0.00 ms.
Mono: successfully reloaded assembly
- Completed reload, in  0.700 seconds
Platform modules already initialized, skipping
Refreshing native plugins compatible for Editor in 0.28 ms, found 0 plugins.
Preloading 0 native plugins for Editor in 0.00 ms.
Unloading 1656 Unused Serialized files (Serialized files now loaded: 0)
System memory in use before: 74.4 MB.
System memory in use after: 74.4 MB.

Unloading 10 unused Assets to reduce memory usage. Loaded Objects now: 2130.
Total: 1.759000 ms (FindLiveObjects: 0.188900 ms CreateObjectMapping: 0.057500 ms MarkObjects: 1.465100 ms  DeleteObjects: 0.046700 ms)

========================================================================
Received Import Request.
  Time since last request: 271.531004 seconds.
  path: Assets/Scripts/Score/ScoreCollecting.cs
  artifactKey: Guid(97a1eb9808b10e541b0541a0ba525d87) Importer(815301076,1909f56bfc062723c751e8b465ee728b)
Start importing Assets/Scripts/Score/ScoreCollecting.cs using Guid(97a1eb9808b10e541b0541a0ba525d87) Importer(815301076,1909f56bfc062723c751e8b465ee728b)  -> (artifact id: '70f82d9377e9fec7bf71437980991475') in 0.004014 seconds
  Import took 0.006178 seconds .

========================================================================
Received Prepare
Registering precompiled user dll's ...
Registered in 0.001929 seconds.
Begin MonoManager ReloadAssembly
Native extension for WindowsStandalone target not found
Refreshing native plugins compatible for Editor in 0.28 ms, found 0 plugins.
Preloading 0 native plugins for Editor in 0.00 ms.
Mono: successfully reloaded assembly
- Completed reload, in  0.690 seconds
Platform modules already initialized, skipping
Refreshing native plugins compatible for Editor in 0.29 ms, found 0 plugins.
Preloading 0 native plugins for Editor in 0.00 ms.
Unloading 1656 Unused Serialized files (Serialized files now loaded: 0)
System memory in use before: 74.4 MB.
System memory in use after: 74.4 MB.

Unloading 10 unused Assets to reduce memory usage. Loaded Objects now: 2133.
Total: 1.610500 ms (FindLiveObjects: 0.146700 ms CreateObjectMapping: 0.045700 ms MarkObjects: 1.375000 ms  DeleteObjects: 0.042400 ms)

========================================================================
Received Prepare
Registering precompiled user dll's ...
Registered in 0.002034 seconds.
Begin MonoManager ReloadAssembly
Native extension for WindowsStandalone target not found
Refreshing native plugins compatible for Editor in 0.28 ms, found 0 plugins.
Preloading 0 native plugins for Editor in 0.00 ms.
Mono: successfully reloaded assembly
- Completed reload, in  0.682 seconds
Platform modules already initialized, skipping
Refreshing native plugins compatible for Editor in 0.30 ms, found 0 plugins.
Preloading 0 native plugins for Editor in 0.00 ms.
Unloading 1656 Unused Serialized files (Serialized files now loaded: 0)
System memory in use before: 74.4 MB.
System memory in use after: 74.4 MB.

Unloading 10 unused Assets to reduce memory usage. Loaded Objects now: 2136.
Total: 1.660200 ms (FindLiveObjects: 0.162700 ms CreateObjectMapping: 0.048200 ms MarkObjects: 1.402100 ms  DeleteObjects: 0.046300 ms)

========================================================================
Received Prepare
Registering precompiled user dll's ...
Registered in 0.002032 seconds.
Begin MonoManager ReloadAssembly
Native extension for WindowsStandalone target not found
Refreshing native plugins compatible for Editor in 0.28 ms, found 0 plugins.
Preloading 0 native plugins for Editor in 0.00 ms.
Mono: successfully reloaded assembly
- Completed reload, in  0.684 seconds
Platform modules already initialized, skipping
Refreshing native plugins compatible for Editor in 0.27 ms, found 0 plugins.
Preloading 0 native plugins for Editor in 0.00 ms.
Unloading 1656 Unused Serialized files (Serialized files now loaded: 0)
System memory in use before: 74.4 MB.
System memory in use after: 74.5 MB.

Unloading 10 unused Assets to reduce memory usage. Loaded Objects now: 2139.
Total: 1.526600 ms (FindLiveObjects: 0.168800 ms CreateObjectMapping: 0.051200 ms MarkObjects: 1.269600 ms  DeleteObjects: 0.036400 ms)

AssetImportWorkerClient::OnTransportError - code=2 error=End of file
